*** Life<ConwayCell> 4x4 ***

Generation = 0, Population = 4.
....
.**.
.**.
....

Generation = 1, Population = 4.
....
.**.
.**.
....

*** Life<ConwayCell> 5x5 ***

Generation = 0, Population = 3.
.....
.....
.***.
.....
.....

Generation = 1, Population = 3.
.....
..*..
..*..
..*..
.....

Generation = 2, Population = 3.
.....
.....
.***.
.....
.....

*** Life<ConwayCell> 5x5 ***

Generation = 0, Population = 4.
.....
..*..
.*.*.
..*..
.....

Generation = 1, Population = 4.
.....
..*..
.*.*.
..*..
.....

*** Life<ConwayCell> 5x6 ***

Generation = 0, Population = 6.
......
..**..
.*..*.
..**..
......

Generation = 1, Population = 6.
......
..**..
.*..*.
..**..
......

*** Life<ConwayCell> 6x6 ***

Generation = 0, Population = 5.
......
..*...
...*..
.***..
......
......

Generation = 1, Population = 5.
......
......
.*.*..
..**..
..*...
......

Generation = 2, Population = 5.
......
......
...*..
.*.*..
..**..
......

Generation = 3, Population = 5.
......
......
..*...
...**.
..**..
......

Generation = 4, Population = 5.
......
......
...*..
....*.
..***.
......

*** Life<ConwayCell> 12x12 ***

Generation = 0, Population = 40.
*.....**..*.
***.*.......
.*...*...**.
......*.....
...**.......
*..*.*..**..
.****......*
..*..**.*...
..*....**...
*........*..
......*.*..*
....*..*...*

Generation = 7, Population = 33.
............
*.***.......
*...**......
*..***......
.........*..
...*.....*..
...*....*.*.
...*...***..
......****..
......**.*..
......**.*..
.......*.*..

Generation = 14, Population = 32.
*****.......
....*.......
*..*....**..
...*...*..*.
...*...**...
..*....*....
.**..***....
.....****...
........**..
.........*..
........**..
............

Generation = 21, Population = 31.
.*.**.......
.*.**.......
.....**.....
......***...
......**.**.
.....**.....
........*...
...**.***...
.....*.****.
........*.*.
.........*..
............

Generation = 28, Population = 27.
..*****.....
.*....**....
..***..**...
...****..**.
.........**.
......**..**
.........**.
............
............
............
............
............

Generation = 35, Population = 24.
............
**...**.***.
.....**...*.
*...**......
.*....**..*.
......**....
.......*.**.
........*...
.........*..
............
............
............

Generation = 42, Population = 18.
..........*.
.....**...*.
....*.....*.
......*.....
.......**...
......*.*...
.........*..
......**.*..
.......***..
............
............
............

Generation = 49, Population = 14.
............
............
......**....
......***...
........*.*.
..........*.
........*...
........*...
.....*.**...
......*.....
............
............

